F:/Dév/surcouche/GUI/GUI.hpp:20: warning: argument 'int' of command @param is not found in the argument list of GUI::init(int *argc, char ***argv)
F:/Dév/surcouche/GUI/GUI.hpp:20: warning: argument 'char' of command @param is not found in the argument list of GUI::init(int *argc, char ***argv)
F:/Dév/surcouche/GUI/GUI.cpp:8: warning: The following parameters of GUI::init(int *argc, char ***argv) are not documented:
  parameter 'argc'
  parameter 'argv'
F:/Dév/surcouche/GUI/Button.hpp:26: warning: argument 'std' of command @param is not found in the argument list of GUI::Button::Button(std::string label)
F:/Dév/surcouche/GUI/Button.hpp:26: warning: argument 'string' of command @param is not found in the argument list of GUI::Button::Button(std::string label)
F:/Dév/surcouche/GUI/Button.hpp:29: warning: The following parameters of GUI::Button::Button(std::string label) are not documented:
  parameter 'label'
F:/Dév/surcouche/GUI/Button.hpp:32: warning: argument 'const' of command @param is not found in the argument list of GUI::Button::Button(const gchar *id)
F:/Dév/surcouche/GUI/Button.hpp:35: warning: The following parameters of GUI::Button::Button(const gchar *id) are not documented:
  parameter 'id'
F:/Dév/surcouche/GUI/Container.hpp:27: warning: argument 'Widget' of command @param is not found in the argument list of GUI::Container::addWidget(Widget &widget)
F:/Dév/surcouche/GUI/Container.hpp:30: warning: The following parameters of GUI::Container::addWidget(Widget &widget) are not documented:
  parameter 'widget'
F:/Dév/surcouche/GUI/Container.hpp:33: warning: argument 'GtkWidget' of command @param is not found in the argument list of GUI::Container::addWidget(GtkWidget *widget)
F:/Dév/surcouche/GUI/Container.hpp:36: warning: The following parameters of GUI::Container::addWidget(GtkWidget *widget) are not documented:
  parameter 'widget'
F:/Dév/surcouche/GUI/Container.hpp:39: warning: argument 'Widget' of command @param is not found in the argument list of GUI::Container::removeWidget(Widget &widget)
F:/Dév/surcouche/GUI/Container.hpp:42: warning: The following parameters of GUI::Container::removeWidget(Widget &widget) are not documented:
  parameter 'widget'
F:/Dév/surcouche/GUI/Container.hpp:45: warning: argument 'GtkWidget' of command @param is not found in the argument list of GUI::Container::removeWidget(GtkWidget *widget)
F:/Dév/surcouche/GUI/Container.hpp:48: warning: The following parameters of GUI::Container::removeWidget(GtkWidget *widget) are not documented:
  parameter 'widget'
F:/Dév/surcouche/GUI/Entry.hpp:42: warning: argument 'GtkEntryBuffer' of command @param is not found in the argument list of GUI::Entry::setBuffer(GtkEntryBuffer *buffer)
F:/Dév/surcouche/GUI/Entry.hpp:45: warning: The following parameters of GUI::Entry::setBuffer(GtkEntryBuffer *buffer) are not documented:
  parameter 'buffer'
F:/Dév/surcouche/GUI/Entry.hpp:30: warning: argument 'std' of command @param is not found in the argument list of GUI::Entry::setText(std::string text)
F:/Dév/surcouche/GUI/Entry.hpp:30: warning: argument 'string' of command @param is not found in the argument list of GUI::Entry::setText(std::string text)
F:/Dév/surcouche/GUI/Entry.hpp:33: warning: The following parameters of GUI::Entry::setText(std::string text) are not documented:
  parameter 'text'
F:/Dév/surcouche/GUI/Entry.hpp:36: warning: argument 'gchar' of command @param is not found in the argument list of GUI::Entry::setText(gchar *text)
F:/Dév/surcouche/GUI/Entry.hpp:39: warning: The following parameters of GUI::Entry::setText(gchar *text) are not documented:
  parameter 'text'
F:/Dév/surcouche/GUI/Layouts/Fixed.hpp:41: warning: argument 'Widget' of command @param is not found in the argument list of GUI::Fixed::move(Widget &widget, int x, int y)
F:/Dév/surcouche/GUI/Layouts/Fixed.hpp:41: warning: argument 'int' of command @param is not found in the argument list of GUI::Fixed::move(Widget &widget, int x, int y)
F:/Dév/surcouche/GUI/Layouts/Fixed.hpp:41: warning: argument 'int' of command @param is not found in the argument list of GUI::Fixed::move(Widget &widget, int x, int y)
F:/Dév/surcouche/GUI/Layouts/Fixed.hpp:46: warning: The following parameters of GUI::Fixed::move(Widget &widget, int x, int y) are not documented:
  parameter 'widget'
  parameter 'x'
  parameter 'y'
F:/Dév/surcouche/GUI/Layouts/Fixed.hpp:33: warning: argument 'Widget' of command @param is not found in the argument list of GUI::Fixed::put(Widget &widget, int x, int y)
F:/Dév/surcouche/GUI/Layouts/Fixed.hpp:33: warning: argument 'int' of command @param is not found in the argument list of GUI::Fixed::put(Widget &widget, int x, int y)
F:/Dév/surcouche/GUI/Layouts/Fixed.hpp:33: warning: argument 'int' of command @param is not found in the argument list of GUI::Fixed::put(Widget &widget, int x, int y)
F:/Dév/surcouche/GUI/Layouts/Fixed.hpp:38: warning: The following parameters of GUI::Fixed::put(Widget &widget, int x, int y) are not documented:
  parameter 'widget'
  parameter 'x'
  parameter 'y'
F:/Dév/surcouche/GUI/Label.hpp:19: warning: argument 'std' of command @param is not found in the argument list of GUI::Label::Label(std::string text="")
F:/Dév/surcouche/GUI/Label.hpp:19: warning: argument 'string' of command @param is not found in the argument list of GUI::Label::Label(std::string text="")
F:/Dév/surcouche/GUI/Label.hpp:22: warning: The following parameters of GUI::Label::Label(std::string text="") are not documented:
  parameter 'text'
F:/Dév/surcouche/GUI/Label.hpp:38: warning: argument 'GtkJustification' of command @param is not found in the argument list of GUI::Label::setJustify(GtkJustification type)
F:/Dév/surcouche/GUI/Label.hpp:41: warning: The following parameters of GUI::Label::setJustify(GtkJustification type) are not documented:
  parameter 'type'
F:/Dév/surcouche/GUI/Label.hpp:32: warning: argument 'std' of command @param is not found in the argument list of GUI::Label::setMarkup(std::string text)
F:/Dév/surcouche/GUI/Label.hpp:32: warning: argument 'string' of command @param is not found in the argument list of GUI::Label::setMarkup(std::string text)
F:/Dév/surcouche/GUI/Label.hpp:35: warning: The following parameters of GUI::Label::setMarkup(std::string text) are not documented:
  parameter 'text'
F:/Dév/surcouche/GUI/Label.hpp:25: warning: argument 'std' of command @param is not found in the argument list of GUI::Label::setText(std::string text)
F:/Dév/surcouche/GUI/Label.hpp:25: warning: argument 'string' of command @param is not found in the argument list of GUI::Label::setText(std::string text)
F:/Dév/surcouche/GUI/Label.hpp:28: warning: The following parameters of GUI::Label::setText(std::string text) are not documented:
  parameter 'text'
F:/Dév/surcouche/GUI/Widget.hpp:31: warning: argument 'const' of command @param is not found in the argument list of GUI::Widget::connect(const gchar *signal, void(*func)(), gpointer data=NULL)
F:/Dév/surcouche/GUI/Widget.hpp:31: warning: argument 'void' of command @param is not found in the argument list of GUI::Widget::connect(const gchar *signal, void(*func)(), gpointer data=NULL)
F:/Dév/surcouche/GUI/Widget.hpp:31: warning: argument 'gpointer' of command @param is not found in the argument list of GUI::Widget::connect(const gchar *signal, void(*func)(), gpointer data=NULL)
F:/Dév/surcouche/GUI/Widget.hpp:36: warning: The following parameters of GUI::Widget::connect(const gchar *signal, void(*func)(), gpointer data=NULL) are not documented:
  parameter 'signal'
  parameter 'func'
  parameter 'data'
F:/Dév/surcouche/GUI/Window.hpp:24: warning: argument 'std' of command @param is not found in the argument list of GUI::Window::Window(std::string title)
F:/Dév/surcouche/GUI/Window.hpp:24: warning: argument 'string' of command @param is not found in the argument list of GUI::Window::Window(std::string title)
F:/Dév/surcouche/GUI/Window.hpp:27: warning: The following parameters of GUI::Window::Window(std::string title) are not documented:
  parameter 'title'
error: failed to run html help compiler on index.hhp
